<?xml version="1.0" encoding="UTF-8"?>
<!-- Generated by org.testng.reporters.JUnitXMLReporter -->
<testsuite ignored="0" hostname="LAPTOP-RO4BTAG3" failures="0" tests="5" name="Default test" time="8.496" errors="0" timestamp="2023-11-10T02:48:48 IST">
  <testcase classname="api.testcases.UserTestcase" name="test_Post_User" time="3.423"/>
  <testcase classname="api.testcases.UserTestcase" name="test_User_By_Name" time="1.186"/>
  <testcase classname="api.testcases.UserTestcase" name="test_Post_User_after_Update" time="1.183"/>
  <testcase classname="api.testcases.UserTestcase" name="test_Update_By_username" time="1.163"/>
  <testcase classname="api.testcases.UserTestcase" name="test_Delete_User_By_Username" time="1.13"/>
</testsuite> <!-- Default test -->
