<?xml version="1.0" encoding="UTF-8"?>
<!-- Generated by org.testng.reporters.JUnitXMLReporter -->
<testsuite ignored="0" hostname="LAPTOP-RO4BTAG3" failures="0" tests="5" name="Pet APi test" time="8.617" errors="0" timestamp="2023-11-10T18:13:47 IST">
  <testcase classname="api.testcases.UserTestcase" name="test_Post_User" time="2.849"/>
  <testcase classname="api.testcases.UserTestcase" name="test_User_By_Name" time="1.192"/>
  <testcase classname="api.testcases.UserTestcase" name="test_Post_User_after_Update" time="1.202"/>
  <testcase classname="api.testcases.UserTestcase" name="test_Update_By_username" time="1.197"/>
  <testcase classname="api.testcases.UserTestcase" name="test_Delete_User_By_Username" time="1.209"/>
</testsuite> <!-- Pet APi test -->
